[27/02/2020 09:55:49] C:\Users\Capitole-Consulting\Desktop\InternationalBusinesMen\ExamenFinalVuelingIF\ExamenFinalVuelingIF\Views\Rate\Index.cshtml(15): error CS1061: 'Rates' does not contain a definition for 'from' and no extension method 'from' accepting a first argument of type 'Rates' could be found (are you missing a using directive or an assembly reference?)
[27/02/2020 10:00:13] C:\Users\Capitole-Consulting\Desktop\InternationalBusinesMen\ExamenFinalVuelingIF\ExamenFinalVuelingIF\Views\Rate\Index.cshtml(15): error CS1061: 'Rates' does not contain a definition for 'from' and no extension method 'from' accepting a first argument of type 'Rates' could be found (are you missing a using directive or an assembly reference?)
[27/02/2020 13:30:47] No se puede implementar el método o la operación.
[27/02/2020 13:55:44] The model item passed into the dictionary is of type 'System.Collections.Generic.List`1[ExamenFinalVuelingIF.Models.VMtransactionBySku]', but this dictionary requires a model item of type 'System.Collections.Generic.IEnumerable`1[ExamenFinalVuelingIF.Models.Transaction]'.
[27/02/2020 14:22:52] The model item passed into the dictionary is of type 'System.Collections.Generic.List`1[ExamenFinalVuelingIF.Models.Transaction]', but this dictionary requires a model item of type 'System.Collections.Generic.IEnumerable`1[ExamenFinalVuelingIF.Models.VMtransactionBySku]'.
[27/02/2020 16:16:05] Fallo en el repositorio Transaction
[15/03/2020 01:31:12] Fallo en el repositorio Transaction
